<?xml version="1.0" encoding="UTF-8"?>
<testsuite name="com.project.ens.controller.SecurityControllerTest" tests="4" skipped="0" failures="0" errors="0" timestamp="2025-01-09T01:17:27" hostname="MSI-LAPTOP" time="0.595">
  <properties/>
  <testcase name="shouldGetNewAccessToken()" classname="com.project.ens.controller.SecurityControllerTest" time="0.514"/>
  <testcase name="shouldRegisterNewUser()" classname="com.project.ens.controller.SecurityControllerTest" time="0.057"/>
  <testcase name="shouldLoginUser()" classname="com.project.ens.controller.SecurityControllerTest" time="0.009"/>
  <testcase name="shouldGetNewRefreshToken()" classname="com.project.ens.controller.SecurityControllerTest" time="0.009"/>
  <system-out><![CDATA[04:17:22.779 [Test worker] INFO org.springframework.test.context.support.AnnotationConfigContextLoaderUtils -- Could not detect default configuration classes for test class [com.project.ens.controller.SecurityControllerTest]: SecurityControllerTest does not declare any static, non-private, non-final, nested classes annotated with @Configuration.
04:17:23.024 [Test worker] INFO org.springframework.boot.test.context.SpringBootTestContextBootstrapper -- Found @SpringBootConfiguration com.project.ens.SecurityApplication for test class com.project.ens.controller.SecurityControllerTest

  .   ____          _            __ _ _
 /\\ / ___'_ __ _ _(_)_ __  __ _ \ \ \ \
( ( )\___ | '_ | '_| | '_ \/ _` | \ \ \ \
 \\/  ___)| |_)| | | | | || (_| |  ) ) ) )
  '  |____| .__|_| |_|_| |_\__, | / / / /
 =========|_|==============|___/=/_/_/_/

 :: Spring Boot ::                (v3.3.3)

2025-01-09T04:17:23.649+03:00  INFO 23388 --- [    Test worker] c.p.e.controller.SecurityControllerTest  : Starting SecurityControllerTest using Java 17.0.13 with PID 23388 (started by demed in C:\Users\demed\IdeaProjects\java-emergency-notification-service\security-service)
2025-01-09T04:17:23.651+03:00  INFO 23388 --- [    Test worker] c.p.e.controller.SecurityControllerTest  : The following 1 profile is active: "prod"
2025-01-09T04:17:26.799+03:00  WARN 23388 --- [    Test worker] .s.s.UserDetailsServiceAutoConfiguration : 

Using generated security password: a55e0913-8035-4479-9f8b-a546cc51c9a4

This generated password is for development use only. Your security configuration must be updated before running your application in production.

2025-01-09T04:17:26.846+03:00  INFO 23388 --- [    Test worker] r$InitializeUserDetailsManagerConfigurer : Global AuthenticationManager configured with UserDetailsService bean with name inMemoryUserDetailsManager
2025-01-09T04:17:27.249+03:00  INFO 23388 --- [    Test worker] o.s.b.t.m.w.SpringBootMockServletContext : Initializing Spring TestDispatcherServlet ''
2025-01-09T04:17:27.250+03:00  INFO 23388 --- [    Test worker] o.s.t.web.servlet.TestDispatcherServlet  : Initializing Servlet ''
2025-01-09T04:17:27.252+03:00  INFO 23388 --- [    Test worker] o.s.t.web.servlet.TestDispatcherServlet  : Completed initialization in 2 ms
2025-01-09T04:17:27.304+03:00  INFO 23388 --- [    Test worker] c.p.e.controller.SecurityControllerTest  : Started SecurityControllerTest in 4.165 seconds (process running for 6.021)
2025-01-09T04:17:27.684+03:00  INFO 23388 --- [    Test worker] c.p.ens.controller.SecurityController    : Получить новый access токен
2025-01-09T04:17:27.878+03:00  INFO 23388 --- [    Test worker] c.p.ens.controller.SecurityController    : Регистрация пользователя NewUserDto(firstName=Test name, lastName=Test lastname, email=test@test.test, password=test, phone=+9000000, role=ROLE_USER)
2025-01-09T04:17:27.906+03:00  INFO 23388 --- [    Test worker] c.p.ens.controller.SecurityController    : Вход пользователя com.project.ens.model.jwt.JwtRequest@bdc2f96
2025-01-09T04:17:27.916+03:00  INFO 23388 --- [    Test worker] c.p.ens.controller.SecurityController    : Получить новые токены
]]></system-out>
  <system-err><![CDATA[]]></system-err>
</testsuite>
