<?xml version="1.0" encoding="UTF-8"?>
<testsuite name="com.project.ens.service.impl.AuthServiceImplTest" tests="6" skipped="0" failures="0" errors="0" timestamp="2025-01-09T01:17:27" hostname="MSI-LAPTOP" time="0.664">
  <properties/>
  <testcase name="testRegisterConflict()" classname="com.project.ens.service.impl.AuthServiceImplTest" time="0.533"/>
  <testcase name="testLoginSuccess()" classname="com.project.ens.service.impl.AuthServiceImplTest" time="0.103"/>
  <testcase name="testLoginUnauthorized()" classname="com.project.ens.service.impl.AuthServiceImplTest" time="0.006"/>
  <testcase name="testLoginUserNotFound()" classname="com.project.ens.service.impl.AuthServiceImplTest" time="0.004"/>
  <testcase name="testRefreshInvalidToken()" classname="com.project.ens.service.impl.AuthServiceImplTest" time="0.003"/>
  <testcase name="testRegisterSuccess()" classname="com.project.ens.service.impl.AuthServiceImplTest" time="0.007"/>
  <system-out><![CDATA[]]></system-out>
  <system-err><![CDATA[]]></system-err>
</testsuite>
